#
# There is insufficient memory for the Java Runtime Environment to continue.
# Native memory allocation (mmap) failed to map 132120576 bytes for G1 virtual space
# Possible reasons:
#   The system is out of physical RAM or swap space
#   The process is running with CompressedOops enabled, and the Java Heap may be blocking the growth of the native heap
# Possible solutions:
#   Reduce memory load on the system
#   Increase physical memory or swap space
#   Check if swap backing store is full
#   Decrease Java heap size (-Xmx/-Xms)
#   Decrease number of Java threads
#   Decrease Java thread stack sizes (-Xss)
#   Set larger code cache with -XX:ReservedCodeCacheSize=
#   JVM is running with Unscaled Compressed Oops mode in which the Java heap is
#     placed in the first 4GB address space. The Java Heap base address is the
#     maximum limit for the native heap growth. Please use -XX:HeapBaseMinAddress
#     to set the Java Heap base and to place the Java Heap above 4GB virtual address.
# This output file may be truncated or incomplete.
#
#  Out of Memory Error (os_windows.cpp:3550), pid=25412, tid=19940
#
# JRE version:  (17.0.7+8) (build )
# Java VM: Java HotSpot(TM) 64-Bit Server VM (17.0.7+8-LTS-224, mixed mode, sharing, tiered, compressed oops, compressed class ptrs, g1 gc, windows-amd64)
# No core dump will be written. Minidumps are not enabled by default on client versions of Windows
#

---------------  S U M M A R Y ------------

Command Line: -javaagent:C:\Program Files\JetBrains\IntelliJ IDEA Community Edition 2023.1.2\lib\idea_rt.jar=60835:C:\Program Files\JetBrains\IntelliJ IDEA Community Edition 2023.1.2\bin -Dfile.encoding=UTF-8 com.yellow.ordermanageryellow.OrderManagerYellowApplication

Host: 11th Gen Intel(R) Core(TM) i5-1135G7 @ 2.40GHz, 8 cores, 7G,  Windows 11 , 64 bit Build 22621 (10.0.22621.1928)
Time: Sun Jul 23 15:20:50 2023  Windows 11 , 64 bit Build 22621 (10.0.22621.1928) elapsed time: 0.018588 seconds (0d 0h 0m 0s)

---------------  T H R E A D  ---------------

Current thread (0x000002628244a7d0):  JavaThread "Unknown thread" [_thread_in_vm, id=19940, stack(0x000000cf2fe00000,0x000000cf2ff00000)]

Stack: [0x000000cf2fe00000,0x000000cf2ff00000]
Native frames: (J=compiled Java code, j=interpreted, Vv=VM code, C=native code)
V  [jvm.dll+0x676a4a]
V  [jvm.dll+0x7d74f4]
V  [jvm.dll+0x7d8c9e]
V  [jvm.dll+0x7d9303]
V  [jvm.dll+0x2452c5]
V  [jvm.dll+0x6738f9]
V  [jvm.dll+0x668232]
V  [jvm.dll+0x302826]
V  [jvm.dll+0x309da6]
V  [jvm.dll+0x35952e]
V  [jvm.dll+0x35975f]
V  [jvm.dll+0x2d9a38]
V  [jvm.dll+0x2da9a4]
V  [jvm.dll+0x7a8fb1]
V  [jvm.dll+0x3670e1]
V  [jvm.dll+0x788359]
V  [jvm.dll+0x3ea5ef]
V  [jvm.dll+0x3ec071]
C  [jli.dll+0x5297]
C  [ucrtbase.dll+0x29363]
C  [KERNEL32.DLL+0x126ad]
C  [ntdll.dll+0x5aa68]


---------------  P R O C E S S  ---------------

Threads class SMR info:
_java_thread_list=0x00007ffc4bba4998, length=0, elements={
}

Java Threads: ( => current thread )

Other Threads:
  0x00000262824a2070 GCTaskThread "GC Thread#0" [stack: 0x000000cf2ff00000,0x000000cf30000000] [id=27108]
  0x00000262824b3f30 ConcurrentGCThread "G1 Main Marker" [stack: 0x000000cf30000000,0x000000cf30100000] [id=4680]
  0x00000262824b60f0 ConcurrentGCThread "G1 Conc#0" [stack: 0x000000cf30100000,0x000000cf30200000] [id=27636]

[error occurred during error reporting (printing all threads), id 0xc0000005, EXCEPTION_ACCESS_VIOLATION (0xc0000005) at pc=0x00007ffc4b3da697]

VM state: not at safepoint (not fully initialized)

VM Mutex/Monitor currently owned by a thread:  ([mutex/lock_event])
[0x0000026282446cb0] Heap_lock - owner thread: 0x000002628244a7d0

Heap address: 0x0000000083600000, size: 1994 MB, Compressed Oops mode: 32-bit

CDS archive(s) mapped at: [0x0000000000000000-0x0000000000000000-0x0000000000000000), size 0, SharedBaseAddress: 0x0000000800000000, ArchiveRelocationMode: 0.
Narrow klass base: 0x0000000000000000, Narrow klass shift: 0, Narrow klass range: 0x0

GC Precious Log:
<Empty>

Heap:
 garbage-first heap   total 0K, used 0K [0x0000000083600000, 0x0000000100000000)
  region size 1024K, 0 young (0K), 0 survivors (0K)

[error occurred during error reporting (printing heap information), id 0xc0000005, EXCEPTION_ACCESS_VIOLATION (0xc0000005) at pc=0x00007ffc4b7c00b9]

GC Heap History (0 events):
No events

Deoptimization events (0 events):
No events

Classes unloaded (0 events):
No events

Classes redefined (0 events):
No events

Internal exceptions (0 events):
No events

VM Operations (0 events):
No events

Events (1 events):
Event: 0.011 Loaded shared library C:\ProgramData\Oracle\Java\javapath\bin\java.dll


Dynamic libraries:
0x00007ff7738d0000 - 0x00007ff7738e0000 	C:\ProgramData\Oracle\Java\javapath\bin\java.exe
0x00007ffcd63b0000 - 0x00007ffcd65c4000 	C:\WINDOWS\SYSTEM32\ntdll.dll
0x00007ffca1960000 - 0x00007ffca1979000 	C:\Program Files\Avast Software\Avast\aswhook.dll
0x00007ffcd4bc0000 - 0x00007ffcd4c82000 	C:\WINDOWS\System32\KERNEL32.DLL
0x00007ffcd37b0000 - 0x00007ffcd3b53000 	C:\WINDOWS\System32\KERNELBASE.dll
0x00007ffcd4070000 - 0x00007ffcd4181000 	C:\WINDOWS\System32\ucrtbase.dll
0x00007ffccc6d0000 - 0x00007ffccc6eb000 	C:\ProgramData\Oracle\Java\javapath\bin\VCRUNTIME140.dll
0x00007ffccd6c0000 - 0x00007ffccd6d9000 	C:\ProgramData\Oracle\Java\javapath\bin\jli.dll
0x00007ffcd5e70000 - 0x00007ffcd5f1e000 	C:\WINDOWS\System32\ADVAPI32.dll
0x00007ffcd62c0000 - 0x00007ffcd6367000 	C:\WINDOWS\System32\msvcrt.dll
0x00007ffcd4f90000 - 0x00007ffcd5034000 	C:\WINDOWS\System32\sechost.dll
0x00007ffcd5280000 - 0x00007ffcd5397000 	C:\WINDOWS\System32\RPCRT4.dll
0x00007ffcd4c90000 - 0x00007ffcd4e3a000 	C:\WINDOWS\System32\USER32.dll
0x00007ffcd3c90000 - 0x00007ffcd3cb6000 	C:\WINDOWS\System32\win32u.dll
0x00007ffca9e50000 - 0x00007ffcaa0de000 	C:\WINDOWS\WinSxS\amd64_microsoft.windows.common-controls_6595b64144ccf1df_6.0.22621.1635_none_270f70857386168e\COMCTL32.dll
0x00007ffcd53a0000 - 0x00007ffcd53c9000 	C:\WINDOWS\System32\GDI32.dll
0x00007ffcd3de0000 - 0x00007ffcd3ef9000 	C:\WINDOWS\System32\gdi32full.dll
0x00007ffcd3cc0000 - 0x00007ffcd3d5a000 	C:\WINDOWS\System32\msvcp_win.dll
0x00007ffccd680000 - 0x00007ffccd68a000 	C:\WINDOWS\SYSTEM32\VERSION.dll
0x00007ffcd4a50000 - 0x00007ffcd4a81000 	C:\WINDOWS\System32\IMM32.DLL
0x00007ffcd1400000 - 0x00007ffcd140c000 	C:\ProgramData\Oracle\Java\javapath\bin\vcruntime140_1.dll
0x00007ffcb2d00000 - 0x00007ffcb2d8e000 	C:\ProgramData\Oracle\Java\javapath\bin\msvcp140.dll
0x00007ffc4b0f0000 - 0x00007ffc4bccd000 	C:\ProgramData\Oracle\Java\javapath\bin\server\jvm.dll
0x00007ffcd5110000 - 0x00007ffcd5118000 	C:\WINDOWS\System32\PSAPI.DLL
0x00007ffccd8d0000 - 0x00007ffccd904000 	C:\WINDOWS\SYSTEM32\WINMM.dll
0x00007ffcc5870000 - 0x00007ffcc5879000 	C:\WINDOWS\SYSTEM32\WSOCK32.dll
0x00007ffcd51a0000 - 0x00007ffcd5211000 	C:\WINDOWS\System32\WS2_32.dll
0x00007ffcd27f0000 - 0x00007ffcd2808000 	C:\WINDOWS\SYSTEM32\kernel.appcore.dll
0x00007ffcce640000 - 0x00007ffcce64a000 	C:\ProgramData\Oracle\Java\javapath\bin\jimage.dll
0x00007ffcd1180000 - 0x00007ffcd13ae000 	C:\WINDOWS\SYSTEM32\DBGHELP.DLL
0x00007ffcd46a0000 - 0x00007ffcd4a29000 	C:\WINDOWS\System32\combase.dll
0x00007ffcd4e40000 - 0x00007ffcd4f17000 	C:\WINDOWS\System32\OLEAUT32.dll
0x00007ffccc2c0000 - 0x00007ffccc2f2000 	C:\WINDOWS\SYSTEM32\dbgcore.DLL
0x00007ffcd3d60000 - 0x00007ffcd3dda000 	C:\WINDOWS\System32\bcryptPrimitives.dll
0x00007ffcc78b0000 - 0x00007ffcc78be000 	C:\ProgramData\Oracle\Java\javapath\bin\instrument.dll
0x00007ffcb3000000 - 0x00007ffcb3025000 	C:\ProgramData\Oracle\Java\javapath\bin\java.dll

dbghelp: loaded successfully - version: 4.0.5 - missing functions: none
symbol engine: initialized successfully - sym options: 0x614 - pdb path: .;C:\ProgramData\Oracle\Java\javapath\bin;C:\WINDOWS\SYSTEM32;C:\Program Files\Avast Software\Avast;C:\WINDOWS\WinSxS\amd64_microsoft.windows.common-controls_6595b64144ccf1df_6.0.22621.1635_none_270f70857386168e;C:\ProgramData\Oracle\Java\javapath\bin\server

VM Arguments:
jvm_args: -javaagent:C:\Program Files\JetBrains\IntelliJ IDEA Community Edition 2023.1.2\lib\idea_rt.jar=60835:C:\Program Files\JetBrains\IntelliJ IDEA Community Edition 2023.1.2\bin -Dfile.encoding=UTF-8 
java_command: com.yellow.ordermanageryellow.OrderManagerYellowApplication
java_class_path (initial): C:\Users\user1\Desktop\bootcamp-sap\project\order-manager-yellow\target\classes;C:\Users\user1\.m2\repository\org\springframework\boot\spring-boot-starter-data-mongodb\3.1.0\spring-boot-starter-data-mongodb-3.1.0.jar;C:\Users\user1\.m2\repository\org\springframework\boot\spring-boot-starter\3.1.0\spring-boot-starter-3.1.0.jar;C:\Users\user1\.m2\repository\org\springframework\boot\spring-boot\3.1.0\spring-boot-3.1.0.jar;C:\Users\user1\.m2\repository\org\springframework\boot\spring-boot-autoconfigure\3.1.0\spring-boot-autoconfigure-3.1.0.jar;C:\Users\user1\.m2\repository\org\springframework\boot\spring-boot-starter-logging\3.1.0\spring-boot-starter-logging-3.1.0.jar;C:\Users\user1\.m2\repository\ch\qos\logback\logback-classic\1.4.7\logback-classic-1.4.7.jar;C:\Users\user1\.m2\repository\ch\qos\logback\logback-core\1.4.7\logback-core-1.4.7.jar;C:\Users\user1\.m2\repository\org\apache\logging\log4j\log4j-to-slf4j\2.20.0\log4j-to-slf4j-2.20.0.jar;C:\Users\user1\.m2\repository\org\apache\logging\log4j\log4j-api\2.20.0\log4j-api-2.20.0.jar;C:\Users\user1\.m2\repository\org\slf4j\jul-to-slf4j\2.0.7\jul-to-slf4j-2.0.7.jar;C:\Users\user1\.m2\repository\jakarta\annotation\jakarta.annotation-api\2.1.1\jakarta.annotation-api-2.1.1.jar;C:\Users\user1\.m2\repository\org\yaml\snakeyaml\1.33\snakeyaml-1.33.jar;C:\Users\user1\.m2\repository\org\mongodb\mongodb-driver-sync\4.9.1\mongodb-driver-sync-4.9.1.jar;C:\Users\user1\.m2\repository\org\mongodb\bson\4.9.1\bson-4.9.1.jar;C:\Users\user1\.m2\repository\org\mongodb\mongodb-driver-core\4.9.1\mongodb-driver-core-4.9.1.jar;C:\Users\user1\.m2\repository\org\mongodb\bson-record-codec\4.9.1\bson-record-codec-4.9.1.jar;C:\Users\user1\.m2\repository\org\springframework\data\spring-data-mongodb\4.1.0\spring-data-mongodb-4.1.0.jar;C:\Users\user1\.m2\repository\org\springframework\spring-tx\6.0.9\spring-tx-6.0.9.jar;C:\Users\user1\.m2\repository\org\springframework\spring-context\6.0.9\spring-context-6.0.9.jar;C:\Us
Launcher Type: SUN_STANDARD

[Global flags]
     intx CICompilerCount                          = 4                                         {product} {ergonomic}
     uint ConcGCThreads                            = 2                                         {product} {ergonomic}
     uint G1ConcRefinementThreads                  = 8                                         {product} {ergonomic}
   size_t G1HeapRegionSize                         = 1048576                                   {product} {ergonomic}
    uintx GCDrainStackTargetSize                   = 64                                        {product} {ergonomic}
   size_t InitialHeapSize                          = 132120576                                 {product} {ergonomic}
   size_t MarkStackSize                            = 4194304                                   {product} {ergonomic}
   size_t MaxHeapSize                              = 2090860544                                {product} {ergonomic}
   size_t MinHeapDeltaBytes                        = 1048576                                   {product} {ergonomic}
   size_t MinHeapSize                              = 8388608                                   {product} {ergonomic}
    uintx NonNMethodCodeHeapSize                   = 5839372                                {pd product} {ergonomic}
    uintx NonProfiledCodeHeapSize                  = 122909434                              {pd product} {ergonomic}
    uintx ProfiledCodeHeapSize                     = 122909434                              {pd product} {ergonomic}
    uintx ReservedCodeCacheSize                    = 251658240                              {pd product} {ergonomic}
     bool SegmentedCodeCache                       = true                                      {product} {ergonomic}
   size_t SoftMaxHeapSize                          = 2090860544                             {manageable} {ergonomic}
     bool UseCompressedClassPointers               = true                           {product lp64_product} {ergonomic}
     bool UseCompressedOops                        = true                           {product lp64_product} {ergonomic}
     bool UseG1GC                                  = true                                      {product} {ergonomic}
     bool UseLargePagesIndividualAllocation        = false                                  {pd product} {ergonomic}

Logging:
Log output configuration:
 #0: stdout all=warning uptime,level,tags
 #1: stderr all=off uptime,level,tags

Environment Variables:
JAVA_HOME=C:\ProgramData\Oracle\Java\javapath
PATH=C:\Program Files\Common Files\Oracle\Java\javapath;C:\ProgramData\Oracle\Java\javapath;C:\Program Files (x86)\VMware\VMware Player\bin\;C:\WINDOWS\system32;C:\WINDOWS;C:\WINDOWS\System32\Wbem;C:\WINDOWS\System32\WindowsPowerShell\v1.0\;C:\WINDOWS\System32\OpenSSH\;C:\Program Files (x86)\Windows Live\Shared;C:\Program Files\Microsoft SQL Server\130\Tools\Binn\;C:\Program Files\Microsoft SQL Server\Client SDK\ODBC\170\Tools\Binn\;C:\Program Files (x86)\Microsoft SQL Server\150\Tools\Binn\;C:\Program Files\Microsoft SQL Server\150\Tools\Binn\;C:\Program Files\Microsoft SQL Server\150\DTS\Binn\;C:\Program Files (x86)\Microsoft SQL Server\150\DTS\Binn\;C:\Program Files\Microsoft VS Code\bin;C:\Program Files\dotnet\;C:\Program Files (x86)\dotnet\;C:\Program Files\nodejs\;C:\Program Files\Git\cmd;MAVEN_HOME%\bin%;C:\Users\user1\AppData\Local\Microsoft\WindowsApps;C:\Users\user1\.dotnet\tools;C:\Users\user1\AppData\Roaming\npm;C:\Users\user1\AppData\Local\GitHubDesktop\bin;C:\Program Files\Java\jdk-17\bin;C:\Program Files\Maven\apache-maven-3.9.3\bin;
USERNAME=user1
OS=Windows_NT
PROCESSOR_IDENTIFIER=Intel64 Family 6 Model 140 Stepping 1, GenuineIntel



---------------  S Y S T E M  ---------------

OS:
 Windows 11 , 64 bit Build 22621 (10.0.22621.1928)
OS uptime: 6 days 9:00 hours

CPU: total 8 (initial active 8) (4 cores per cpu, 2 threads per core) family 6 model 140 stepping 1 microcode 0x6e, cx8, cmov, fxsr, ht, mmx, 3dnowpref, sse, sse2, sse3, ssse3, sse4.1, sse4.2, popcnt, lzcnt, tsc, tscinvbit, avx, avx2, aes, erms, clmul, bmi1, bmi2, adx, avx512f, avx512dq, avx512cd, avx512bw, avx512vl, sha, fma, vzeroupper, avx512_vpopcntdq, avx512_vpclmulqdq, avx512_vaes, avx512_vnni, clflush, clflushopt, clwb, avx512_vbmi2, avx512_vbmi

Memory: 4k page, system-wide physical 7975M (658M free)
TotalPageFile size 32551M (AvailPageFile size 116M)
current process WorkingSet (physical memory assigned to process): 11M, peak: 11M
current process commit charge ("private bytes"): 60M, peak: 186M

vm_info: Java HotSpot(TM) 64-Bit Server VM (17.0.7+8-LTS-224) for windows-amd64 JRE (17.0.7+8-LTS-224), built on Feb 28 2023 23:03:02 by "mach5one" with MS VC++ 17.1 (VS2022)

END.
